<?xml version="1.0" encoding="UTF-8"?>
<!-- Generated by org.testng.reporters.JUnitXMLReporter -->
<testsuite ignored="0" hostname="Lenovo-PC" failures="0" tests="4" name="Default test" time="0.088" errors="0" timestamp="2022-06-04T18:21:30 IST">
  <testcase classname="test1.Day5" name="ToastMeth" time="0.013"/>
  <testcase classname="test1.Day5" name="mobileSignIn" time="0.002"/>
  <testcase classname="test1.Day5" name="mobileSignIn" time="0.002"/>
  <testcase classname="test1.Day5" name="mobileSignIn" time="0.002"/>
</testsuite> <!-- Default test -->
